[debug] [2023-08-27T05:39:04.603Z] ----------------------------------------------------------------------
[debug] [2023-08-27T05:39:04.606Z] Command:       C:\Program Files\nodejs\node.exe C:\Users\nabee\AppData\Roaming\npm\node_modules\firebase-tools\lib\bin\firebase.js init
[debug] [2023-08-27T05:39:04.607Z] CLI Version:   12.5.2
[debug] [2023-08-27T05:39:04.607Z] Platform:      win32
[debug] [2023-08-27T05:39:04.607Z] Node Version:  v20.5.1
[debug] [2023-08-27T05:39:04.607Z] Time:          Sun Aug 27 2023 11:09:04 GMT+0530 (India Standard Time)
[debug] [2023-08-27T05:39:04.607Z] ----------------------------------------------------------------------
[debug] 
[debug] [2023-08-27T05:39:04.615Z] > command requires scopes: ["email","openid","https://www.googleapis.com/auth/cloudplatformprojects.readonly","https://www.googleapis.com/auth/firebase","https://www.googleapis.com/auth/cloud-platform"]
[debug] [2023-08-27T05:39:04.616Z] > authorizing via signed-in user (nabeelalikhan29@gmail.com)
[info] 
     ######## #### ########  ######## ########     ###     ######  ########
     ##        ##  ##     ## ##       ##     ##  ##   ##  ##       ##
     ######    ##  ########  ######   ########  #########  ######  ######
     ##        ##  ##    ##  ##       ##     ## ##     ##       ## ##
     ##       #### ##     ## ######## ########  ##     ##  ######  ########

You're about to initialize a Firebase project in this directory:

  C:\Users\nabee\Downloads\Nabeel\CODING\Nextclass1Dhanesh\class1

[info] 
=== Project Setup
[info] 
[info] First, let's associate this project directory with a Firebase project.
[info] You can create multiple project aliases by running firebase use --add, 
[info] but for now we'll just set up a default project.
[info] 
[debug] [2023-08-27T05:39:25.007Z] > refreshing access token with scopes: []
[debug] [2023-08-27T05:39:25.009Z] >>> [apiv2][query] POST https://www.googleapis.com/oauth2/v3/token [none]
[debug] [2023-08-27T05:39:25.009Z] >>> [apiv2][body] POST https://www.googleapis.com/oauth2/v3/token [omitted]
[debug] [2023-08-27T05:39:25.890Z] <<< [apiv2][status] POST https://www.googleapis.com/oauth2/v3/token 200
[debug] [2023-08-27T05:39:25.891Z] <<< [apiv2][body] POST https://www.googleapis.com/oauth2/v3/token [omitted]
[debug] [2023-08-27T05:39:25.911Z] >>> [apiv2][query] GET https://firebase.googleapis.com/v1beta1/projects pageSize=100
[debug] [2023-08-27T05:39:26.787Z] <<< [apiv2][status] GET https://firebase.googleapis.com/v1beta1/projects 200
[debug] [2023-08-27T05:39:26.787Z] <<< [apiv2][body] GET https://firebase.googleapis.com/v1beta1/projects [omitted]
[info] i  Using project clone-14a7c (gmail-clone) 
[info] 
=== Hosting Setup
[info] 
[info] Your public directory is the folder (relative to your project directory) that
[info] will contain Hosting assets to be uploaded with firebase deploy. If you
[info] have a build process for your assets, use your build's output directory.
[info] 
